<?xml version="1.0" encoding="UTF-8"?>
<!-- Generated by org.testng.reporters.JUnitReportReporter -->
<testsuite hostname="Shilpa-Srivastava" failures="0" tests="2" name="Practice.Sample" time="0.001" errors="0" timestamp="2022-08-08T15:30:43 IST" skipped="0">
  <testcase classname="Practice.Sample" name="createContact" time="0.001"/>
  <system-out/>
  <testcase classname="Practice.Sample" name="deleteContact" time="0.000"/>
  <system-out/>
</testsuite> <!-- Practice.Sample -->
