<?xml version="1.0" encoding="UTF-8"?>
<!-- Generated by org.testng.reporters.JUnitReportReporter -->
<testsuite hostname="Shilpa-Srivastava" failures="0" tests="4" name="Practice.DataProvidertest" time="0.008" errors="0" timestamp="2022-08-03T15:22:40 IST" skipped="0">
  <testcase classname="Practice.DataProvidertest" name="bookTicket" time="0.001"/>
  <system-out/>
  <testcase classname="Practice.DataProvidertest" name="bookTicket" time="0.005"/>
  <system-out/>
  <testcase classname="Practice.DataProvidertest" name="bookTicket" time="0.001"/>
  <system-out/>
  <testcase classname="Practice.DataProvidertest" name="bookTicket" time="0.001"/>
  <system-out/>
</testsuite> <!-- Practice.DataProvidertest -->
