<?xml version="1.0" encoding="UTF-8"?>
<!-- Generated by org.testng.reporters.JUnitReportReporter -->
<testsuite hostname="Shilpa-Srivastava" failures="0" tests="1" name="Practice.Demo" time="0.007" errors="0" timestamp="2022-08-08T15:30:43 IST" skipped="0">
  <testcase classname="Practice.Demo" name="modifyContact" time="0.007"/>
  <system-out/>
</testsuite> <!-- Practice.Demo -->
