<?xml version="1.0" encoding="UTF-8"?>
<!-- Generated by org.testng.reporters.JUnitReportReporter -->
<testsuite hostname="Shilpa-Srivastava" failures="0" tests="1" name="com.crm.sdet.Campaign.CreateCampaignWithProductTest" time="26.682" errors="0" timestamp="2022-08-11T12:32:21 IST" skipped="0">
  <testcase classname="com.crm.sdet.Campaign.CreateCampaignWithProductTest" name="CampaignWithProduct" time="26.682"/>
  <system-out/>
</testsuite> <!-- com.crm.sdet.Campaign.CreateCampaignWithProductTest -->
