<?xml version="1.0" encoding="UTF-8"?>
<!-- Generated by org.testng.reporters.JUnitReportReporter -->
<testsuite hostname="Shilpa-Srivastava" failures="0" tests="3" name="Practice.sampletestNG" time="0.007" errors="0" timestamp="2022-08-03T13:37:25 IST" skipped="0">
  <testcase classname="Practice.sampletestNG" name="modifyContact" time="0.006"/>
  <system-out/>
  <testcase classname="Practice.sampletestNG" name="createContact" time="0.001"/>
  <system-out/>
  <testcase classname="Practice.sampletestNG" name="DeleteContact" time="0.000"/>
  <system-out/>
</testsuite> <!-- Practice.sampletestNG -->
