<?xml version="1.0" encoding="UTF-8"?>
<!-- Generated by org.testng.reporters.JUnitReportReporter -->
<testsuite hostname="Shilpa-Srivastava" failures="0" tests="1" name="com.crm.sdet.Organizations.CreateOrganizationTest" time="24.273" errors="0" timestamp="2022-08-08T23:09:43 IST" skipped="0">
  <testcase classname="com.crm.sdet.Organizations.CreateOrganizationTest" name="CreateOrganizations" time="24.273"/>
  <system-out/>
</testsuite> <!-- com.crm.sdet.Organizations.CreateOrganizationTest -->
